-7.125813909830727
-6.409498149269661
-5.812225949515914
-5.2755509865158805
-4.777164503502596
-4.305547953351199
-3.853755485471445
-3.417167492818571
-2.992490825002374
-2.5772495377323175
-2.169499183606112
-1.7676541094632017
-1.3703764109528718
-0.9765004635896828
-0.5849787654359324
-0.19484074156939932
0.19484074156939932
0.5849787654359324
0.9765004635896828
1.3703764109528718
1.7676541094632017
2.169499183606112
2.5772495377323175
2.992490825002374
3.417167492818571
3.853755485471445
4.305547953351199
4.777164503502596
5.2755509865158805
5.812225949515914
6.409498149269661
7.125813909830727
